        -:    0:Source:cardtest3.c
        -:    0:Graph:cardtest3.gcno
        -:    0:Data:cardtest3.gcda
        -:    0:Runs:10
        -:    0:Programs:1
        -:    1:#include "dominion.h"
        -:    2:#include "dominion_helpers.h"
        -:    3:#include "rngs.h"
        -:    4:#include <string.h>
        -:    5:#include <stdio.h>
        -:    6:#include <stdlib.h>
        -:    7:#include <assert.h>
        -:    8:
        -:    9:/*
        -:   10:  Card Test 3: Village Card
        -:   11:*/
        -:   12:
function main called 10 returned 100% blocks executed 100%
        -:   13:int main(){
       10:   14:	int seed = 1000;
       10:   15:	int numPlayers = 2;
        -:   16:	struct gameState gs, testgs;
       10:   17:	int k[10] = {copper, minion, mine, silver, gold, cutpurse, sea_hag, tribute, smithy, council_room};
       10:   18:	printf("BEGIN Card Test 3, cardtest3.c: Village\n");
       10:   19:	initializeGame(numPlayers, k, seed, &gs);
       10:   20:	memcpy(&testgs, &gs, sizeof(struct gameState));
       10:   21:	myNewVillageFunction(&testgs, 0, 1);
       10:   22:	printf("EXPECTED: %d, GOT: %d\n", gs.handCount[gs.whoseTurn] + 1, testgs.handCount[testgs.whoseTurn]);
       10:   23:	memcpy(&testgs, &gs, sizeof(struct gameState));
       10:   24:	myNewVillageFunction(&testgs, 0, 1);
       10:   25:	printf("EXPECTED: %d, GOT: %d\n", gs.numActions + 2, testgs.numActions);
       10:   26:	printf("BEGIN Card Test 3, cardtest3.c: Village\n");
       10:   27:	return 0;
        -:   28:}
