        -:    0:Source:unittest2.c
        -:    0:Graph:unittest2.gcno
        -:    0:Data:unittest2.gcda
        -:    0:Runs:5
        -:    0:Programs:1
        -:    1:#include "dominion.h"
        -:    2:#include "dominion_helpers.h"
        -:    3:#include <stdio.h>
        -:    4:#include <assert.h>
        -:    5:
        -:    6:/*
        -:    7:	UNIT TEST: kingdomCards()
        -:    8:*/
        -:    9:
function main called 5 returned 100% blocks executed 88%
        -:   10:int main(){
        5:   11:	int items[10] = {0, 1, 2, 3, 4, 5, 6, 7, 8, 9};
        5:   12:	printf("UNIT TEST: kingdomCards() function\n");
        5:   13:    int *test = kingdomCards(0, 1, 2, 3, 4, 5, 6, 7, 8, 9);
      110:   14:    for (int i = 0; i < 10; i++) {
branch  0 taken 91%
branch  1 taken 9%
       50:   15:        printf("POSITION %d\n", i);
       50:   16:		if (items[i] == *(test + i)){
branch  0 taken 100%
branch  1 taken 0%
       50:   17:			printf("PASSING\n");
       50:   18:		} else {
    #####:   19:			printf("FAILED\n");
        -:   20:		}
       50:   21:    }
        5:   22:    return 0;
        -:   23:}
