        -:    0:Source:unittest1.c
        -:    0:Graph:unittest1.gcno
        -:    0:Data:unittest1.gcda
        -:    0:Runs:6
        -:    0:Programs:1
        -:    1:#include "dominion.h"
        -:    2:#include "dominion_helpers.h"
        -:    3:#include <stdio.h>
        -:    4:#include <assert.h>
        -:    5:
        -:    6:/*
        -:    7:	UNIT TEST: whosTurn()
        -:    8:*/
        -:    9:
function main called 6 returned 100% blocks executed 80%
        -:   10:int main (int argc, char** argv)	{
        -:   11:    struct gameState g;
        -:   12:    int a;
        6:   13:	int k[10] = {adventurer, gardens, minion, village, embargo, mine, cutpurse, baron, tribute, smithy};
        -:   14:	
        6:   15:	printf("UNIT TEST: whoseTurn() function\n");
        6:   16:	printf("INIT GAME WITH 2 PLAYERS: UP TO 4\n");
       48:   17:    for (int i = 2 ; i < 5 ; i++)	{
branch  0 taken 75%
branch  1 taken 25%
       18:   18:        a = initializeGame(2, k, 5, &g);
       18:   19:        a = whoseTurn(&g);
       36:   20:        assert(a == g.whoseTurn);
branch  0 taken 0%
branch  1 taken 100%
       18:   21:		printf("PASSING\n");		
       18:   22:	}
        6:   23:	return 0;
        -:   24:}
